TN:
SF:app.js
FN:3,(anonymous_0)
FN:8,(anonymous_1)
FN:17,(anonymous_2)
FN:25,(anonymous_3)
FN:29,(anonymous_4)
FN:33,(anonymous_5)
FN:47,(anonymous_6)
FN:57,(anonymous_7)
FNF:8
FNH:8
FNDA:6,(anonymous_0)
FNDA:5,(anonymous_1)
FNDA:5,(anonymous_2)
FNDA:2,(anonymous_3)
FNDA:3,(anonymous_4)
FNDA:1,(anonymous_5)
FNDA:10,(anonymous_6)
FNDA:10,(anonymous_7)
DA:4,6
DA:5,6
DA:9,5
DA:10,5
DA:12,5
DA:14,5
DA:18,5
DA:19,5
DA:20,5
DA:22,5
DA:26,2
DA:30,3
DA:34,1
DA:35,1
DA:36,1
DA:37,2
DA:38,1
DA:40,1
DA:48,10
DA:54,10
DA:58,10
DA:59,1
DA:65,9
DA:73,1
LF:24
LH:24
BRDA:37,0,0,1
BRDA:37,0,1,1
BRDA:58,1,0,1
BRDA:58,1,1,9
BRF:4
BRH:4
end_of_record
